<component name="libraryTable">
  <library name="junit-4.13.2-javadoc">
    <CLASSES>
      <root url="jar://$PROJECT_DIR$/../jarlib/junit-4.13.2.jar!/" />
    </CLASSES>
    <JAVADOC>
      <root url="jar://$PROJECT_DIR$/../jarlib/junit-4.13.2-javadoc.jar!/" />
    </JAVADOC>
    <SOURCES>
      <root url="jar://$PROJECT_DIR$/../jarlib/junit-4.13.2-sources.jar!/" />
    </SOURCES>
  </library>
</component>